<?xml version="1.0" encoding="UTF-8"?>
<!-- Generated by org.testng.reporters.JUnitReportReporter -->
<testsuite hostname="Bartek_Komputer" failures="0" tests="4" name="soap.SoapRunner" time="4.443" errors="0" timestamp="29 sie 2019 10:42:17 GMT" skipped="0">
  <testcase classname="soap.SoapRunner" name="subAndDiv" time="0.511"/>
  <testcase classname="soap.SoapRunner" name="divide" time="0.281"/>
  <testcase classname="soap.SoapRunner" name="multiply" time="0.244"/>
  <testcase classname="soap.SoapRunner" name="add" time="3.407"/>
</testsuite> <!-- soap.SoapRunner -->
